# JRE version: Java(TM) SE Runtime Environment (25.0.3+9) (build 25.0.3+9-LTS-195)
# Java VM: Java HotSpot(TM) 64-Bit Server VM (25.0.3+9-LTS-195, mixed mode, sharing, tiered, compressed oops, compressed class ptrs, g1 gc, windows-amd64)
GC Precious Log:
 CardTable entry size: 512
 Card Set container configuration: InlinePtr #cards 4 size 8 Array Of Cards #cards 64 size 144 Howl #buckets 8 coarsen threshold 14745 Howl Bitmap #cards 2048 size 272 coarsen threshold 1843 Card regions per heap region 1 cards per card region 16384
 CPUs: 28 total, 28 available
 Memory: 32485M
 Large Page Support: Disabled
 NUMA Support: Disabled
 Compressed Oops: Enabled (Zero based)
 Heap Region Size: 8M
 Heap Min Capacity: 8M
 Heap Initial Capacity: 512M
 Heap Max Capacity: 15G
 Pre-touch: Disabled
 Parallel Workers: 20
 Concurrent Workers: 5
 Concurrent Refinement Workers: 20
 Periodic GC: Disabled
Heap:
 garbage-first heap   total reserved 15728640K, committed 466944K, used 304805K [0x0000000440000000, 0x0000000800000000)
  region size 8192K, 25 young (204800K), 1 survivors (8192K)
GC Heap Usage History (10 events):
Event: 0.364 {heap Before GC invocations=0 (full 0):
 garbage-first heap   total reserved 15728640K, committed 532480K, used 66709K [0x0000000440000000, 0x0000000800000000)
  region size 8192K, 6 young (49152K), 0 survivors (0K)
}
Event: 0.368 {heap After GC invocations=1 (full 0):
 garbage-first heap   total reserved 15728640K, committed 532480K, used 32727K [0x0000000440000000, 0x0000000800000000)
  region size 8192K, 1 young (8192K), 1 survivors (8192K)
}
Event: 5.497 {heap Before GC invocations=1 (full 0):
 garbage-first heap   total reserved 15728640K, committed 532480K, used 245719K [0x0000000440000000, 0x0000000800000000)
  region size 8192K, 27 young (221184K), 1 survivors (8192K)
}
Event: 5.512 {heap After GC invocations=2 (full 0):
 garbage-first heap   total reserved 15728640K, committed 532480K, used 123674K [0x0000000440000000, 0x0000000800000000)
  region size 8192K, 4 young (32768K), 4 survivors (32768K)
}
Event: 9442.326 {heap Before GC invocations=2 (full 0):
 garbage-first heap   total reserved 15728640K, committed 532480K, used 295706K [0x0000000440000000, 0x0000000800000000)
  region size 8192K, 20 young (163840K), 4 survivors (32768K)
}
Event: 9442.372 {heap After GC invocations=3 (full 0):
 garbage-first heap   total reserved 15728640K, committed 532480K, used 125788K [0x0000000440000000, 0x0000000800000000)
  region size 8192K, 1 young (8192K), 1 survivors (8192K)
}
Event: 516853.830 {heap Before GC invocations=4 (full 0):
 garbage-first heap   total reserved 15728640K, committed 466944K, used 371548K [0x0000000440000000, 0x0000000800000000)
  region size 8192K, 31 young (253952K), 1 survivors (8192K)
}
Event: 516853.960 {heap After GC invocations=5 (full 0):
 garbage-first heap   total reserved 15728640K, committed 466944K, used 124091K [0x0000000440000000, 0x0000000800000000)
  region size 8192K, 1 young (8192K), 1 survivors (8192K)
}
Event: 1015197.809 {heap Before GC invocations=5 (full 0):
 garbage-first heap   total reserved 15728640K, committed 466944K, used 345275K [0x0000000440000000, 0x0000000800000000)
  region size 8192K, 28 young (229376K), 1 survivors (8192K)
}
Event: 1015197.908 {heap After GC invocations=6 (full 0):
 garbage-first heap   total reserved 15728640K, committed 466944K, used 116389K [0x0000000440000000, 0x0000000800000000)
  region size 8192K, 1 young (8192K), 1 survivors (8192K)
}

